d:\projects\dev\opengl\ogl\ogldev\x64\debug\vc141.pdb
d:\projects\dev\opengl\ogl\ogldev\x64\debug\vc141.idb
d:\projects\dev\opengl\ogl\ogldev\x64\debug\texture.obj
d:\projects\dev\opengl\ogl\ogldev\x64\debug\skybox.obj
d:\projects\dev\opengl\ogl\ogldev\x64\debug\dsgeometrypassshader.obj
d:\projects\dev\opengl\ogl\ogldev\x64\debug\particlesystem.obj
d:\projects\dev\opengl\ogl\ogldev\x64\debug\mesh.obj
d:\projects\dev\opengl\ogl\ogldev\x64\debug\math_3d.obj
d:\projects\dev\opengl\ogl\ogldev\x64\debug\lighttechnique.obj
d:\projects\dev\opengl\ogl\ogldev\x64\debug\basicmesh.obj
d:\projects\dev\opengl\ogl\ogldev\x64\debug\glutbackend.obj
d:\projects\dev\opengl\ogl\ogldev\x64\debug\cubemaptexture.obj
d:\projects\dev\opengl\ogl\ogldev\x64\debug\camera.obj
d:\projects\dev\opengl\ogl\ogldev\x64\debug\gbuffer.obj
d:\projects\dev\opengl\ogl\ogldev\x64\debug\billboardshader.obj
d:\projects\dev\opengl\ogl\ogldev\x64\debug\billboardlist.obj
d:\projects\dev\opengl\ogl\ogldev\x64\debug\randomtexture.obj
d:\projects\dev\opengl\ogl\ogldev\x64\debug\psupdateshader.obj
d:\projects\dev\opengl\ogl\ogldev\x64\debug\pipeline.obj
d:\projects\dev\opengl\ogl\ogldev\x64\debug\pickingtexture.obj
d:\projects\dev\opengl\ogl\ogldev\x64\debug\simplecolorshader.obj
d:\projects\dev\opengl\ogl\ogldev\x64\debug\pickingshader.obj
d:\projects\dev\opengl\ogl\ogldev\x64\debug\lightingshader.obj
d:\projects\dev\opengl\ogl\ogldev\x64\debug\technique.obj
d:\projects\dev\opengl\ogl\ogldev\x64\debug\skyboxshader.obj
d:\projects\dev\opengl\ogl\ogldev\x64\debug\shadowmaptechnique.obj
d:\projects\dev\opengl\ogl\ogldev\x64\debug\shadowmapfbo.obj
d:\projects\dev\opengl\ogl\ogldev\x64\debug\main.obj
d:\projects\dev\opengl\ogl\x64\debug\ogl.pdb
d:\projects\dev\opengl\ogl\ogldev\x64\debug\ogl.tlog\cl.command.1.tlog
d:\projects\dev\opengl\ogl\ogldev\x64\debug\ogl.tlog\cl.read.1.tlog
d:\projects\dev\opengl\ogl\ogldev\x64\debug\ogl.tlog\cl.write.1.tlog
d:\projects\dev\opengl\ogl\ogldev\x64\debug\ogl.tlog\link-cvtres.read.1.tlog
d:\projects\dev\opengl\ogl\ogldev\x64\debug\ogl.tlog\link-cvtres.write.1.tlog
d:\projects\dev\opengl\ogl\ogldev\x64\debug\ogl.tlog\link-rc.read.1.tlog
d:\projects\dev\opengl\ogl\ogldev\x64\debug\ogl.tlog\link-rc.write.1.tlog
d:\projects\dev\opengl\ogl\ogldev\x64\debug\ogl.tlog\link.command.1.tlog
d:\projects\dev\opengl\ogl\ogldev\x64\debug\ogl.tlog\link.read.1.tlog
d:\projects\dev\opengl\ogl\ogldev\x64\debug\ogl.tlog\link.write.1.tlog
